<?xml version="1.0" encoding="UTF-8"?>
<!-- Generated by org.testng.reporters.JUnitReportReporter -->
<testsuite hostname="Bharath" failures="0" tests="8" name="testng.framework.concepts.AppCommons" time="2.034" errors="0" timestamp="2025-10-01T22:58:22 IST" skipped="1">
  <testcase classname="testng.framework.concepts.AppCommons" name="testCase1" time="0.002"/>
  <system-out/>
  <testcase classname="testng.framework.concepts.AppCommons" name="testCase1" time="0.009"/>
  <system-out/>
  <testcase classname="testng.framework.concepts.AppCommons" name="testCase1" time="0.002"/>
  <system-out/>
  <testcase classname="testng.framework.concepts.AppCommons" name="testCase4" time="2.013"/>
  <system-out/>
  <testcase classname="testng.framework.concepts.AppCommons" name="loginTest" time="0.006"/>
  <system-out/>
  <testcase classname="testng.framework.concepts.AppCommons" name="loginTest" time="0.002"/>
  <system-out/>
  <testcase classname="testng.framework.concepts.AppCommons" name="loginTest" time="0.000"/>
  <system-out/>
  <testcase classname="testng.framework.concepts.AppCommons" name="testCase2">
    <skipped/>
  </testcase> <!-- testCase2 -->
  <system-out/>
</testsuite> <!-- testng.framework.concepts.AppCommons -->
